[debug] [2025-05-04T09:11:28.283Z] ----------------------------------------------------------------------
[debug] [2025-05-04T09:11:28.287Z] Command:       /home/zenji/.nvm/versions/node/v22.13.1/bin/node /home/zenji/.nvm/versions/node/v22.13.1/bin/firebase deploy
[debug] [2025-05-04T09:11:28.288Z] CLI Version:   14.2.2
[debug] [2025-05-04T09:11:28.288Z] Platform:      linux
[debug] [2025-05-04T09:11:28.288Z] Node Version:  v22.13.1
[debug] [2025-05-04T09:11:28.289Z] Time:          Sun May 04 2025 16:11:28 GMT+0700 (Indochina Time)
[debug] [2025-05-04T09:11:28.289Z] ----------------------------------------------------------------------
[debug] 
[debug] [2025-05-04T09:11:28.755Z] > command requires scopes: ["email","openid","https://www.googleapis.com/auth/cloudplatformprojects.readonly","https://www.googleapis.com/auth/firebase","https://www.googleapis.com/auth/cloud-platform"]
[debug] [2025-05-04T09:11:28.756Z] > authorizing via signed-in user (canhtoannguyen60@gmail.com)
[debug] [2025-05-04T09:11:28.756Z] [iam] checking project zen-analytics-pixel-tracker for permissions ["firebase.projects.get","firebasehosting.sites.update"]
[debug] [2025-05-04T09:11:28.757Z] Checked if tokens are valid: true, expires at: 1746352337020
[debug] [2025-05-04T09:11:28.758Z] Checked if tokens are valid: true, expires at: 1746352337020
[debug] [2025-05-04T09:11:28.759Z] >>> [apiv2][query] POST https://cloudresourcemanager.googleapis.com/v1/projects/zen-analytics-pixel-tracker:testIamPermissions [none]
[debug] [2025-05-04T09:11:28.759Z] >>> [apiv2][(partial)header] POST https://cloudresourcemanager.googleapis.com/v1/projects/zen-analytics-pixel-tracker:testIamPermissions x-goog-quota-user=projects/zen-analytics-pixel-tracker
[debug] [2025-05-04T09:11:28.759Z] >>> [apiv2][body] POST https://cloudresourcemanager.googleapis.com/v1/projects/zen-analytics-pixel-tracker:testIamPermissions {"permissions":["firebase.projects.get","firebasehosting.sites.update"]}
[debug] [2025-05-04T09:11:30.013Z] <<< [apiv2][status] POST https://cloudresourcemanager.googleapis.com/v1/projects/zen-analytics-pixel-tracker:testIamPermissions 200
[debug] [2025-05-04T09:11:30.014Z] <<< [apiv2][body] POST https://cloudresourcemanager.googleapis.com/v1/projects/zen-analytics-pixel-tracker:testIamPermissions {"permissions":["firebase.projects.get","firebasehosting.sites.update"]}
[debug] [2025-05-04T09:11:30.017Z] Checked if tokens are valid: true, expires at: 1746352337020
[debug] [2025-05-04T09:11:30.018Z] Checked if tokens are valid: true, expires at: 1746352337020
[debug] [2025-05-04T09:11:30.019Z] >>> [apiv2][query] GET https://firebase.googleapis.com/v1beta1/projects/zen-analytics-pixel-tracker [none]
[debug] [2025-05-04T09:11:30.560Z] <<< [apiv2][status] GET https://firebase.googleapis.com/v1beta1/projects/zen-analytics-pixel-tracker 200
[debug] [2025-05-04T09:11:30.561Z] <<< [apiv2][body] GET https://firebase.googleapis.com/v1beta1/projects/zen-analytics-pixel-tracker {"projectId":"zen-analytics-pixel-tracker","projectNumber":"370390345609","displayName":"zen-analytics-pixel-tracker","name":"projects/zen-analytics-pixel-tracker","resources":{"hostingSite":"zen-analytics-pixel-tracker"},"state":"ACTIVE","etag":"1_80c3c96f-f81e-402d-8fff-1e35038361e4"}
[info] 
   Thank you for trying our early preview of Next.js support on Firebase Hosting.
   During the preview, support is best-effort and breaking changes can be expected. Proceed with caution.
   The integration is known to work with Next.js version 12 - 15.0. You may encounter errors.

   Documentation: https://firebase.google.com/docs/hosting/frameworks/nextjs
   File a bug: https://github.com/firebase/firebase-tools/issues/new?template=bug_report.md
   Submit a feature request: https://github.com/firebase/firebase-tools/issues/new?template=feature_request.md

   We'd love to learn from you. Express your interest in helping us shape the future of Firebase Hosting: https://goo.gle/41enW5X

[debug] [2025-05-04T09:11:42.470Z] Checked if tokens are valid: true, expires at: 1746352337020
[debug] [2025-05-04T09:11:42.471Z] Checked if tokens are valid: true, expires at: 1746352337020
[debug] [2025-05-04T09:11:42.471Z] >>> [apiv2][query] GET https://firebasehosting.googleapis.com/v1beta1/projects/zen-analytics-pixel-tracker/sites/zen-analytics-pixel-tracker [none]
[debug] [2025-05-04T09:11:43.142Z] <<< [apiv2][status] GET https://firebasehosting.googleapis.com/v1beta1/projects/zen-analytics-pixel-tracker/sites/zen-analytics-pixel-tracker 200
[debug] [2025-05-04T09:11:43.142Z] <<< [apiv2][body] GET https://firebasehosting.googleapis.com/v1beta1/projects/zen-analytics-pixel-tracker/sites/zen-analytics-pixel-tracker {"name":"projects/zen-analytics-pixel-tracker/sites/zen-analytics-pixel-tracker","defaultUrl":"https://zen-analytics-pixel-tracker.web.app","type":"DEFAULT_SITE"}
[info]    ▲ Next.js 15.3.1

[info] 

[info]    Creating an optimized production build ...

[info]  ✓ Compiled successfully in 9.0s

[info]    Skipping validation of types

[info]    Skipping linting

[info]    Collecting page data ...

[info]    Generating static pages (0/6) ...

[info]    Generating static pages (1/6) 

[info]    Generating static pages (2/6) 
   Generating static pages (4/6) 
 ✓ Generating static pages (6/6)

[info]    Finalizing page optimization ...

[info]    Collecting build traces ...

[info] 

[info] Route (app)                                 Size  First Load JS
┌ ○ /                                    44.1 kB         188 kB
├ ○ /_not-found                            977 B         102 kB
└ ○ /about                                 214 B         144 kB
+ First Load JS shared by all             101 kB
  ├ chunks/4bd1b696-357d672c7b40ff78.js  53.2 kB
  ├ chunks/684-14440bbce70567bc.js       45.9 kB
  └ other shared chunks (total)           1.9 kB



[info] ○  (Static)  prerendered as static content


[debug] [2025-05-04T09:12:34.409Z] [web frameworks] effective firebase.json:  {
  "hosting": [
    {
      "source": ".",
      "ignore": [
        "firebase.json",
        "**/.*",
        "**/node_modules/**"
      ],
      "frameworksBackend": {
        "region": "us-east1"
      },
      "site": "zen-analytics-pixel-tracker",
      "rewrites": [],
      "redirects": [],
      "headers": [
        {
          "source": "/_not-found",
          "headers": [
            {
              "key": "x-nextjs-stale-time",
              "value": "4294967294"
            },
            {
              "key": "x-nextjs-prerender",
              "value": "1"
            },
            {
              "key": "x-next-cache-tags",
              "value": "_N_T_/layout,_N_T_/_not-found/layout,_N_T_/_not-found/page,_N_T_/_not-found"
            }
          ]
        },
        {
          "source": "/about",
          "headers": [
            {
              "key": "x-nextjs-stale-time",
              "value": "4294967294"
            },
            {
              "key": "x-nextjs-prerender",
              "value": "1"
            },
            {
              "key": "x-next-cache-tags",
              "value": "_N_T_/layout,_N_T_/about/layout,_N_T_/about/page,_N_T_/about"
            }
          ]
        },
        {
          "source": "/favicon.ico",
          "headers": [
            {
              "key": "cache-control",
              "value": "public, max-age=0, must-revalidate"
            },
            {
              "key": "content-type",
              "value": "image/x-icon"
            },
            {
              "key": "x-next-cache-tags",
              "value": "_N_T_/layout,_N_T_/favicon.ico/layout,_N_T_/favicon.ico/route,_N_T_/favicon.ico"
            }
          ]
        }
      ],
      "cleanUrls": true,
      "trailingSlash": false,
      "public": ".firebase/zen-analytics-pixel-tracker/hosting",
      "webFramework": "next"
    }
  ]
}
[info] 
[info] === Deploying to 'zen-analytics-pixel-tracker'...
[info] 
[info] i  deploying hosting 
[debug] [2025-05-04T09:12:34.417Z] Checked if tokens are valid: true, expires at: 1746352337020
[debug] [2025-05-04T09:12:34.417Z] Checked if tokens are valid: true, expires at: 1746352337020
[debug] [2025-05-04T09:12:34.417Z] >>> [apiv2][query] POST https://firebasehosting.googleapis.com/v1beta1/projects/-/sites/zen-analytics-pixel-tracker/versions [none]
[debug] [2025-05-04T09:12:34.418Z] >>> [apiv2][body] POST https://firebasehosting.googleapis.com/v1beta1/projects/-/sites/zen-analytics-pixel-tracker/versions {"status":"CREATED","labels":{"deployment-tool":"cli-firebase","firebase-web-framework":"next"}}
[debug] [2025-05-04T09:12:35.229Z] <<< [apiv2][status] POST https://firebasehosting.googleapis.com/v1beta1/projects/-/sites/zen-analytics-pixel-tracker/versions 200
[debug] [2025-05-04T09:12:35.230Z] <<< [apiv2][body] POST https://firebasehosting.googleapis.com/v1beta1/projects/-/sites/zen-analytics-pixel-tracker/versions {"name":"projects/370390345609/sites/zen-analytics-pixel-tracker/versions/6913c31ee1759ff9","status":"CREATED","config":{},"labels":{"deployment-tool":"cli-firebase","firebase-web-framework":"next"}}
[info] i  hosting[zen-analytics-pixel-tracker]: beginning deploy... 
[info] i  hosting[zen-analytics-pixel-tracker]: found 39 files in .firebase/zen-analytics-pixel-tracker/hosting 
[debug] [2025-05-04T09:12:35.275Z] [hosting] uploading with 200 concurrency
[debug] [2025-05-04T09:12:35.504Z] Checked if tokens are valid: true, expires at: 1746352337020
[debug] [2025-05-04T09:12:35.505Z] Checked if tokens are valid: true, expires at: 1746352337020
[debug] [2025-05-04T09:12:35.506Z] [hosting] hash cache [LmZpcmViYXNlL3plbi1hbmFseXRpY3MtcGl4ZWwtdHJhY2tlci9ob3N0aW5n] stored for 39 files
[debug] [2025-05-04T09:12:35.506Z] [hosting][hash queue][FINAL] {"max":214,"min":39,"avg":72.38461538461539,"active":0,"complete":39,"success":39,"errored":0,"retried":0,"total":39,"elapsed":225}
[debug] [2025-05-04T09:12:35.507Z] >>> [apiv2][query] POST https://firebasehosting.googleapis.com/v1beta1/projects/370390345609/sites/zen-analytics-pixel-tracker/versions/6913c31ee1759ff9:populateFiles [none]
[debug] [2025-05-04T09:12:35.507Z] >>> [apiv2][body] POST https://firebasehosting.googleapis.com/v1beta1/projects/370390345609/sites/zen-analytics-pixel-tracker/versions/6913c31ee1759ff9:populateFiles {"files":{"/404.html":"8d4db85d62ebd220f8a2c1e07f5b3d154b73c84b968eb121163ce5369ffb4f56","/about.html":"eb8a95ae7bbb5e8be73f16ec83f507b1dfed4ce41c25acd86bf13ac047c83f26","/images/128.svg":"9d9c6ab597e72cd7b60486f1309d888485fc0eda8967d0e5cbaffdac6bc0f8c3","/favicon.ico":"95de7e616394c2ef46c6a2f6a61f2184ac35f10d2934234aa8cf7b597bb24cfb","/_next/static/chunks/webpack-2f7b9ded6775055f.js":"68ad52879dda24eae7e7450ae493ef67ec0f7862e0866a06e08525bc43a65ad4","/images/browsers/brave.png":"1e22faea721202428423911b1edde0ff763fc519f008ec8c54067de546a8a68b","/_next/static/chunks/main-app-a3b7b82dfecc5266.js":"fa2feb40e25fd8078e3798d70a16a581661bf0c2ae9e169135cd774d6c6bdd84","/_next/static/chunks/720-a03944005055bf5a.js":"61f8e46047a37e04c90fe6d277f2d332600a5f061e516b4f842d84c2601c9f8a","/_next/static/chunks/pages/_error-cc3f077a18ea1793.js":"78dba8ecaa6c5e36e0fc2573204024822957fc82a43501460c66063e6d4a2241","/_next/static/chunks/pages/_app-da15c11dea942c36.js":"9712c92035fc84aef98564eeee270742b264bb5434e66fd4aa73a96e925a105a","/_next/static/chunks/app/layout-2c83ae0cbc49f57b.js":"ae0b87604e5da58c6dc193a821e00d3b4f1457c130d6b3627b1f7aa07f9d5e91","/_next/static/chunks/app/about/page-e098217b3977a302.js":"19057881d62301f740c93adab58357c4699152e5b3a6d1316464f05dd7a27d95","/_next/static/KL9UAV5b_EsmKDvkDBdUf/_ssgManifest.js":"d8d8790f4e673a23bec506f00699bed8a258ac0e4965bb1ca8598172cfc0ec97","/_next/static/chunks/app/_not-found/page-482ab6e05c1856ba.js":"c9272a86fa458ddfeae54c58aa07a03719cbc5dcea2d61dc39e6667d4169a80d","/_next/static/KL9UAV5b_EsmKDvkDBdUf/_buildManifest.js":"5fdae0b1102717c3024099dfcf648fdeb17bb8a0a135d0022624df784daf192b","/_next/static/chunks/app/page-982f2e3301ee932b.js":"676b5c71b7ca00bcd29ce228823fadf2d9e2179d793f25adac9075292762e9dd","/images/browsers/firefox.jpeg":"7456a9d03315dc1013e30717fc08786c5942b4ee55f494b91bb374cf9b538183","/images/browsers/safari.jpeg":"74f83ac1db67eaf200e7f4507e69560721e77f65254bf0346bd6ee8f6ce8d8e2","/_next/static/chunks/694-3feda807ce296dc9.js":"d61a1fa3bafdd2e08095006d68087024970ddcdae46f9a22af881e1535bea271","/_next/static/chunks/702-35c380ce2f963b20.js":"9d587b0e2ffb9f46a9f205a81bcb02fbe700327c3af9859817ba05848c540393","/index.html":"2c592a2068f8ae18c6e45c4da97bb8d48d26014b162b261a6899243437a5f87e","/_next/static/chunks/989-75e6697a5c171091.js":"81c533952888ce8549d49790823240b8eb747868b1e52bb1d1e5717f4c2b0cd0","/_next/static/chunks/main-a1c93dc8ac438092.js":"76b44c68f3e91a774d265ac50a036874f1a9f58b10561bd1119a0601e90c1985","/_next/static/chunks/polyfills-42372ed130431b0a.js":"45b36f93bb08c52e360d14b0e8449c88770aa8cf5d59bff1c76cbe6e198fe7c5","/_next/static/chunks/684-14440bbce70567bc.js":"ef7aeded43f13776856c690d747262c482c9c736d9145d93379d9b00ef355399","/_next/static/chunks/framework-f593a28cde54158e.js":"f30231155a4af3fb9ee8845ab2786d0787196d5728e0dec60ee19852961df832","/images/carousel/small promo tile.png":"8cdaa409719a21b982cef6b02d51180a76def169573a642a8674ad3aadb2643b","/_next/static/chunks/4bd1b696-357d672c7b40ff78.js":"4bbc1ad99c839d2f7e92b924f0dd0c1b7c8d7d600b60d445906240558124537d","/images/browsers/edge.png":"d620cdae378937b9b512e98f42c6b4c61c0be5465b4c0304dfa8239214dc2e04","/images/carousel/2.png":"5d39c5f259bb701cd46ed4bff3e35313133d1422505219c753b5407b0cfadf89","/images/carousel/4_backup.png":"2ee38debe0c31bab64aaa923c41fb65b41fa206d7d2357f67daca045b6eecaaf","/images/features/hero.png":"2992b16a5a5f95126bda7a068d593a0803688659e128b2acb892c99c290e0bf0","/images/carousel/5.png":"2992b16a5a5f95126bda7a068d593a0803688659e128b2acb892c99c290e0bf0","/images/carousel/4.png":"8637dc327e01086d10ea2d3339671bc4a5131d561959a9a54a8f29527aef0d3a","/images/carousel/3.png":"e255fdce22513183395264dab98ea3057308f006748c624c76a498b83fbd9b88","/images/carousel/marquee promo tile.png":"c4a59af707c1c98bcd2a87e4ba043274a1dea36c28a5e751f124acea891f955b","/images/carousel/1.png":"351f098b1f22aa20296cdf7c3146c19304370e974ec8eaf485678f100689bff8","/images/features/marquee-promo-tile.png":"c4a59af707c1c98bcd2a87e4ba043274a1dea36c28a5e751f124acea891f955b","/images/browsers/chrome.png":"68da4be3c2582f6a028d6cc489d60e642a6663be95a8fbcb49da1e1a1454e498"}}
[debug] [2025-05-04T09:12:36.098Z] <<< [apiv2][status] POST https://firebasehosting.googleapis.com/v1beta1/projects/370390345609/sites/zen-analytics-pixel-tracker/versions/6913c31ee1759ff9:populateFiles 200
[debug] [2025-05-04T09:12:36.098Z] <<< [apiv2][body] POST https://firebasehosting.googleapis.com/v1beta1/projects/370390345609/sites/zen-analytics-pixel-tracker/versions/6913c31ee1759ff9:populateFiles {"uploadRequiredHashes":["8d4db85d62ebd220f8a2c1e07f5b3d154b73c84b968eb121163ce5369ffb4f56","81c533952888ce8549d49790823240b8eb747868b1e52bb1d1e5717f4c2b0cd0","eb8a95ae7bbb5e8be73f16ec83f507b1dfed4ce41c25acd86bf13ac047c83f26","2c592a2068f8ae18c6e45c4da97bb8d48d26014b162b261a6899243437a5f87e","676b5c71b7ca00bcd29ce228823fadf2d9e2179d793f25adac9075292762e9dd"],"uploadUrl":"https://upload-firebasehosting.googleapis.com/upload/sites/zen-analytics-pixel-tracker/versions/6913c31ee1759ff9/files"}
[debug] [2025-05-04T09:12:36.101Z] Checked if tokens are valid: true, expires at: 1746352337020
[debug] [2025-05-04T09:12:36.101Z] Checked if tokens are valid: true, expires at: 1746352337020
[debug] [2025-05-04T09:12:36.102Z] Checked if tokens are valid: true, expires at: 1746352337020
[debug] [2025-05-04T09:12:36.102Z] Checked if tokens are valid: true, expires at: 1746352337020
[debug] [2025-05-04T09:12:36.103Z] Checked if tokens are valid: true, expires at: 1746352337020
[debug] [2025-05-04T09:12:36.103Z] Checked if tokens are valid: true, expires at: 1746352337020
[debug] [2025-05-04T09:12:36.104Z] Checked if tokens are valid: true, expires at: 1746352337020
[debug] [2025-05-04T09:12:36.104Z] Checked if tokens are valid: true, expires at: 1746352337020
[debug] [2025-05-04T09:12:36.105Z] Checked if tokens are valid: true, expires at: 1746352337020
[debug] [2025-05-04T09:12:36.105Z] Checked if tokens are valid: true, expires at: 1746352337020
[debug] [2025-05-04T09:12:36.106Z] >>> [apiv2][query] POST https://upload-firebasehosting.googleapis.com/upload/sites/zen-analytics-pixel-tracker/versions/6913c31ee1759ff9/files/8d4db85d62ebd220f8a2c1e07f5b3d154b73c84b968eb121163ce5369ffb4f56 [none]
[debug] [2025-05-04T09:12:36.106Z] >>> [apiv2][body] POST https://upload-firebasehosting.googleapis.com/upload/sites/zen-analytics-pixel-tracker/versions/6913c31ee1759ff9/files/8d4db85d62ebd220f8a2c1e07f5b3d154b73c84b968eb121163ce5369ffb4f56 [stream]
[debug] [2025-05-04T09:12:36.114Z] >>> [apiv2][query] POST https://upload-firebasehosting.googleapis.com/upload/sites/zen-analytics-pixel-tracker/versions/6913c31ee1759ff9/files/81c533952888ce8549d49790823240b8eb747868b1e52bb1d1e5717f4c2b0cd0 [none]
[debug] [2025-05-04T09:12:36.114Z] >>> [apiv2][body] POST https://upload-firebasehosting.googleapis.com/upload/sites/zen-analytics-pixel-tracker/versions/6913c31ee1759ff9/files/81c533952888ce8549d49790823240b8eb747868b1e52bb1d1e5717f4c2b0cd0 [stream]
[debug] [2025-05-04T09:12:36.118Z] >>> [apiv2][query] POST https://upload-firebasehosting.googleapis.com/upload/sites/zen-analytics-pixel-tracker/versions/6913c31ee1759ff9/files/eb8a95ae7bbb5e8be73f16ec83f507b1dfed4ce41c25acd86bf13ac047c83f26 [none]
[debug] [2025-05-04T09:12:36.118Z] >>> [apiv2][body] POST https://upload-firebasehosting.googleapis.com/upload/sites/zen-analytics-pixel-tracker/versions/6913c31ee1759ff9/files/eb8a95ae7bbb5e8be73f16ec83f507b1dfed4ce41c25acd86bf13ac047c83f26 [stream]
[debug] [2025-05-04T09:12:36.122Z] >>> [apiv2][query] POST https://upload-firebasehosting.googleapis.com/upload/sites/zen-analytics-pixel-tracker/versions/6913c31ee1759ff9/files/2c592a2068f8ae18c6e45c4da97bb8d48d26014b162b261a6899243437a5f87e [none]
[debug] [2025-05-04T09:12:36.122Z] >>> [apiv2][body] POST https://upload-firebasehosting.googleapis.com/upload/sites/zen-analytics-pixel-tracker/versions/6913c31ee1759ff9/files/2c592a2068f8ae18c6e45c4da97bb8d48d26014b162b261a6899243437a5f87e [stream]
[debug] [2025-05-04T09:12:36.126Z] >>> [apiv2][query] POST https://upload-firebasehosting.googleapis.com/upload/sites/zen-analytics-pixel-tracker/versions/6913c31ee1759ff9/files/676b5c71b7ca00bcd29ce228823fadf2d9e2179d793f25adac9075292762e9dd [none]
[debug] [2025-05-04T09:12:36.126Z] >>> [apiv2][body] POST https://upload-firebasehosting.googleapis.com/upload/sites/zen-analytics-pixel-tracker/versions/6913c31ee1759ff9/files/676b5c71b7ca00bcd29ce228823fadf2d9e2179d793f25adac9075292762e9dd [stream]
[debug] [2025-05-04T09:12:36.131Z] [hosting][populate queue][FINAL] {"max":601,"min":601,"avg":601,"active":0,"complete":1,"success":1,"errored":0,"retried":0,"total":1,"elapsed":627}
[debug] [2025-05-04T09:12:36.131Z] [hosting] uploads queued: 5
